
> erostream-frontend@0.1.0 start
> react-scripts start

Browserslist: browsers data (caniuse-lite) is 9 months old. Please run:
  npx update-browserslist-db@latest
  Why you should do it regularly: https://github.com/browserslist/update-db#readme
(node:97742) [DEP_WEBPACK_DEV_SERVER_ON_AFTER_SETUP_MIDDLEWARE] DeprecationWarning: 'onAfterSetupMiddleware' option is deprecated. Please use the 'setupMiddlewares' option.
(Use `node --trace-deprecation ...` to show where the warning was created)
(node:97742) [DEP_WEBPACK_DEV_SERVER_ON_BEFORE_SETUP_MIDDLEWARE] DeprecationWarning: 'onBeforeSetupMiddleware' option is deprecated. Please use the 'setupMiddlewares' option.
Starting the development server...

Compiled with warnings.

[eslint] 
src/pages/Dashboard/ProfilePage.js
  Line 2:10:   'useQuery' is defined but never used     no-unused-vars
  Line 2:20:   'useMutation' is defined but never used  no-unused-vars
  Line 10:3:   'Mail' is defined but never used         no-unused-vars
  Line 19:3:   'Shield' is defined but never used       no-unused-vars
  Line 24:10:  'api' is defined but never used          no-unused-vars

src/pages/Dashboard/SettingsPage.js
  Line 2:10:   'useQuery' is defined but never used                  no-unused-vars
  Line 2:20:   'useMutation' is defined but never used               no-unused-vars
  Line 10:3:   'Globe' is defined but never used                     no-unused-vars
  Line 14:3:   'EyeOff' is defined but never used                    no-unused-vars
  Line 17:3:   'AlertTriangle' is defined but never used             no-unused-vars
  Line 24:3:   'Upload' is defined but never used                    no-unused-vars
  Line 28:10:  'api' is defined but never used                       no-unused-vars
  Line 34:10:  'showPassword' is assigned a value but never used     no-unused-vars
  Line 34:24:  'setShowPassword' is assigned a value but never used  no-unused-vars

src/pages/Dashboard/SubscriptionsPage.js
  Line 2:10:   'useQuery' is defined but never used  no-unused-vars
  Line 9:3:    'Calendar' is defined but never used  no-unused-vars
  Line 13:3:   'Filter' is defined but never used    no-unused-vars
  Line 18:10:  'api' is defined but never used       no-unused-vars

src/pages/Dashboard/VerificationPage.js
  Line 2:10:    'useQuery' is defined but never used                                                                                                                                                                                                                                                                                                                               no-unused-vars
  Line 2:20:    'useMutation' is defined but never used                                                                                                                                                                                                                                                                                                                            no-unused-vars
  Line 13:3:    'Mail' is defined but never used                                                                                                                                                                                                                                                                                                                                   no-unused-vars
  Line 14:3:    'Phone' is defined but never used                                                                                                                                                                                                                                                                                                                                  no-unused-vars
  Line 21:10:   'api' is defined but never used                                                                                                                                                                                                                                                                                                                                    no-unused-vars
  Line 108:9:   'handleFileUpload' is assigned a value but never used                                                                                                                                                                                                                                                                                                              no-unused-vars
  Line 565:21:  The href attribute requires a valid value to be accessible. Provide a valid, navigable address as the href value. If you cannot provide a valid href, but still need the element to resemble a link, use a button and change it with appropriate styles. Learn more: https://github.com/jsx-eslint/eslint-plugin-jsx-a11y/blob/HEAD/docs/rules/anchor-is-valid.md  jsx-a11y/anchor-is-valid

src/pages/ExplorePage.js
  Line 2:10:   'useQuery' is defined but never used   no-unused-vars
  Line 15:8:   'VideoCard' is defined but never used  no-unused-vars
  Line 16:10:  'api' is defined but never used        no-unused-vars

Search for the keywords to learn more about each warning.
To ignore, add // eslint-disable-next-line to the line before.

WARNING in [eslint] 
src/pages/Dashboard/ProfilePage.js
  Line 2:10:   'useQuery' is defined but never used     no-unused-vars
  Line 2:20:   'useMutation' is defined but never used  no-unused-vars
  Line 10:3:   'Mail' is defined but never used         no-unused-vars
  Line 19:3:   'Shield' is defined but never used       no-unused-vars
  Line 24:10:  'api' is defined but never used          no-unused-vars

src/pages/Dashboard/SettingsPage.js
  Line 2:10:   'useQuery' is defined but never used                  no-unused-vars
  Line 2:20:   'useMutation' is defined but never used               no-unused-vars
  Line 10:3:   'Globe' is defined but never used                     no-unused-vars
  Line 14:3:   'EyeOff' is defined but never used                    no-unused-vars
  Line 17:3:   'AlertTriangle' is defined but never used             no-unused-vars
  Line 24:3:   'Upload' is defined but never used                    no-unused-vars
  Line 28:10:  'api' is defined but never used                       no-unused-vars
  Line 34:10:  'showPassword' is assigned a value but never used     no-unused-vars
  Line 34:24:  'setShowPassword' is assigned a value but never used  no-unused-vars

src/pages/Dashboard/SubscriptionsPage.js
  Line 2:10:   'useQuery' is defined but never used  no-unused-vars
  Line 9:3:    'Calendar' is defined but never used  no-unused-vars
  Line 13:3:   'Filter' is defined but never used    no-unused-vars
  Line 18:10:  'api' is defined but never used       no-unused-vars

src/pages/Dashboard/VerificationPage.js
  Line 2:10:    'useQuery' is defined but never used                                                                                                                                                                                                                                                                                                                               no-unused-vars
  Line 2:20:    'useMutation' is defined but never used                                                                                                                                                                                                                                                                                                                            no-unused-vars
  Line 13:3:    'Mail' is defined but never used                                                                                                                                                                                                                                                                                                                                   no-unused-vars
  Line 14:3:    'Phone' is defined but never used                                                                                                                                                                                                                                                                                                                                  no-unused-vars
  Line 21:10:   'api' is defined but never used                                                                                                                                                                                                                                                                                                                                    no-unused-vars
  Line 108:9:   'handleFileUpload' is assigned a value but never used                                                                                                                                                                                                                                                                                                              no-unused-vars
  Line 565:21:  The href attribute requires a valid value to be accessible. Provide a valid, navigable address as the href value. If you cannot provide a valid href, but still need the element to resemble a link, use a button and change it with appropriate styles. Learn more: https://github.com/jsx-eslint/eslint-plugin-jsx-a11y/blob/HEAD/docs/rules/anchor-is-valid.md  jsx-a11y/anchor-is-valid

src/pages/ExplorePage.js
  Line 2:10:   'useQuery' is defined but never used   no-unused-vars
  Line 15:8:   'VideoCard' is defined but never used  no-unused-vars
  Line 16:10:  'api' is defined but never used        no-unused-vars

webpack compiled with 1 warning
Compiling...
Compiled with warnings.

[eslint] 
src/pages/Dashboard/ProfilePage.js
  Line 2:10:   'useQuery' is defined but never used     no-unused-vars
  Line 2:20:   'useMutation' is defined but never used  no-unused-vars
  Line 10:3:   'Mail' is defined but never used         no-unused-vars
  Line 19:3:   'Shield' is defined but never used       no-unused-vars
  Line 24:10:  'api' is defined but never used          no-unused-vars

src/pages/Dashboard/SettingsPage.js
  Line 2:10:   'useQuery' is defined but never used                  no-unused-vars
  Line 2:20:   'useMutation' is defined but never used               no-unused-vars
  Line 10:3:   'Globe' is defined but never used                     no-unused-vars
  Line 14:3:   'EyeOff' is defined but never used                    no-unused-vars
  Line 17:3:   'AlertTriangle' is defined but never used             no-unused-vars
  Line 24:3:   'Upload' is defined but never used                    no-unused-vars
  Line 28:10:  'api' is defined but never used                       no-unused-vars
  Line 34:10:  'showPassword' is assigned a value but never used     no-unused-vars
  Line 34:24:  'setShowPassword' is assigned a value but never used  no-unused-vars

src/pages/Dashboard/SubscriptionsPage.js
  Line 2:10:   'useQuery' is defined but never used  no-unused-vars
  Line 9:3:    'Calendar' is defined but never used  no-unused-vars
  Line 13:3:   'Filter' is defined but never used    no-unused-vars
  Line 18:10:  'api' is defined but never used       no-unused-vars

src/pages/Dashboard/VerificationPage.js
  Line 2:10:    'useQuery' is defined but never used                                                                                                                                                                                                                                                                                                                               no-unused-vars
  Line 2:20:    'useMutation' is defined but never used                                                                                                                                                                                                                                                                                                                            no-unused-vars
  Line 13:3:    'Mail' is defined but never used                                                                                                                                                                                                                                                                                                                                   no-unused-vars
  Line 14:3:    'Phone' is defined but never used                                                                                                                                                                                                                                                                                                                                  no-unused-vars
  Line 21:10:   'api' is defined but never used                                                                                                                                                                                                                                                                                                                                    no-unused-vars
  Line 108:9:   'handleFileUpload' is assigned a value but never used                                                                                                                                                                                                                                                                                                              no-unused-vars
  Line 565:21:  The href attribute requires a valid value to be accessible. Provide a valid, navigable address as the href value. If you cannot provide a valid href, but still need the element to resemble a link, use a button and change it with appropriate styles. Learn more: https://github.com/jsx-eslint/eslint-plugin-jsx-a11y/blob/HEAD/docs/rules/anchor-is-valid.md  jsx-a11y/anchor-is-valid

src/pages/ExplorePage.js
  Line 2:10:   'useQuery' is defined but never used   no-unused-vars
  Line 15:8:   'VideoCard' is defined but never used  no-unused-vars
  Line 16:10:  'api' is defined but never used        no-unused-vars

Search for the keywords to learn more about each warning.
To ignore, add // eslint-disable-next-line to the line before.

WARNING in [eslint] 
src/pages/Dashboard/ProfilePage.js
  Line 2:10:   'useQuery' is defined but never used     no-unused-vars
  Line 2:20:   'useMutation' is defined but never used  no-unused-vars
  Line 10:3:   'Mail' is defined but never used         no-unused-vars
  Line 19:3:   'Shield' is defined but never used       no-unused-vars
  Line 24:10:  'api' is defined but never used          no-unused-vars

src/pages/Dashboard/SettingsPage.js
  Line 2:10:   'useQuery' is defined but never used                  no-unused-vars
  Line 2:20:   'useMutation' is defined but never used               no-unused-vars
  Line 10:3:   'Globe' is defined but never used                     no-unused-vars
  Line 14:3:   'EyeOff' is defined but never used                    no-unused-vars
  Line 17:3:   'AlertTriangle' is defined but never used             no-unused-vars
  Line 24:3:   'Upload' is defined but never used                    no-unused-vars
  Line 28:10:  'api' is defined but never used                       no-unused-vars
  Line 34:10:  'showPassword' is assigned a value but never used     no-unused-vars
  Line 34:24:  'setShowPassword' is assigned a value but never used  no-unused-vars

src/pages/Dashboard/SubscriptionsPage.js
  Line 2:10:   'useQuery' is defined but never used  no-unused-vars
  Line 9:3:    'Calendar' is defined but never used  no-unused-vars
  Line 13:3:   'Filter' is defined but never used    no-unused-vars
  Line 18:10:  'api' is defined but never used       no-unused-vars

src/pages/Dashboard/VerificationPage.js
  Line 2:10:    'useQuery' is defined but never used                                                                                                                                                                                                                                                                                                                               no-unused-vars
  Line 2:20:    'useMutation' is defined but never used                                                                                                                                                                                                                                                                                                                            no-unused-vars
  Line 13:3:    'Mail' is defined but never used                                                                                                                                                                                                                                                                                                                                   no-unused-vars
  Line 14:3:    'Phone' is defined but never used                                                                                                                                                                                                                                                                                                                                  no-unused-vars
  Line 21:10:   'api' is defined but never used                                                                                                                                                                                                                                                                                                                                    no-unused-vars
  Line 108:9:   'handleFileUpload' is assigned a value but never used                                                                                                                                                                                                                                                                                                              no-unused-vars
  Line 565:21:  The href attribute requires a valid value to be accessible. Provide a valid, navigable address as the href value. If you cannot provide a valid href, but still need the element to resemble a link, use a button and change it with appropriate styles. Learn more: https://github.com/jsx-eslint/eslint-plugin-jsx-a11y/blob/HEAD/docs/rules/anchor-is-valid.md  jsx-a11y/anchor-is-valid

src/pages/ExplorePage.js
  Line 2:10:   'useQuery' is defined but never used   no-unused-vars
  Line 15:8:   'VideoCard' is defined but never used  no-unused-vars
  Line 16:10:  'api' is defined but never used        no-unused-vars

webpack compiled with 1 warning
